0 info it worked if it ends with ok
1 verbose cli [ '/usr/local/bin/node',
1 verbose cli   '/usr/local/bin/npm',
1 verbose cli   'install',
1 verbose cli   'lodash',
1 verbose cli   '--save' ]
2 info using npm@1.4.28
3 info using node@v0.10.38
4 error Failed to parse json
4 error Unexpected token /
5 error File: /home/raul/DevProjects/zidecohome-api/package.json
6 error Failed to parse package.json data.
6 error package.json must be actual JSON, not just JavaScript.
6 error
6 error This is not a bug in npm.
6 error Tell the package author to fix their package.json file. JSON.parse
7 error System Linux 4.0.1-1-ARCH
8 error command "/usr/local/bin/node" "/usr/local/bin/npm" "install" "lodash" "--save"
9 error cwd /home/raul/DevProjects/zidecohome-api
10 error node -v v0.10.38
11 error npm -v 1.4.28
12 error file /home/raul/DevProjects/zidecohome-api/package.json
13 error code EJSONPARSE
14 verbose exit [ 1, true ]
